

*******************************************************************************
Sun Oct 16 14:25:17 2016


FIT:    data read from name.".txt"
        format = z
        #datapoints = 4
        residuals are weighted equally (unit weight)

function used for fitting: f(x)
fitted parameters initialized with current variable values



 Iteration 0
 WSSR        : 2.83562e+08       delta(WSSR)/WSSR   : 0
 delta(WSSR) : 0                 limit for stopping : 1e-05
 lambda	  : 5989.53

initial set of free parameter values

a               = 1
b               = 1

After 7 iterations the fit converged.
final sum of squares of residuals : 114.503
rel. change during last iteration : -4.79198e-06

degrees of freedom    (FIT_NDF)                        : 2
rms of residuals      (FIT_STDFIT) = sqrt(WSSR/ndf)    : 7.56648
variance of residuals (reduced chisquare) = WSSR/ndf   : 57.2517

Final set of parameters            Asymptotic Standard Error
=======================            ==========================

a               = 0.000256263      +/- 0.0006057    (236.4%)
b               = 73.2837          +/- 5.131        (7.001%)


correlation matrix of the fit parameters:

               a      b      
a               1.000 
b              -0.676  1.000 


*******************************************************************************
Sun Oct 16 14:26:21 2016


FIT:    data read from name.".txt"
        format = z
        #datapoints = 4
        residuals are weighted equally (unit weight)

function used for fitting: f(x)
fitted parameters initialized with current variable values



 Iteration 0
 WSSR        : 2.83562e+08       delta(WSSR)/WSSR   : 0
 delta(WSSR) : 0                 limit for stopping : 1e-05
 lambda	  : 5989.53

initial set of free parameter values

a               = 1
b               = 1

After 7 iterations the fit converged.
final sum of squares of residuals : 114.503
rel. change during last iteration : -4.79198e-06

degrees of freedom    (FIT_NDF)                        : 2
rms of residuals      (FIT_STDFIT) = sqrt(WSSR/ndf)    : 7.56648
variance of residuals (reduced chisquare) = WSSR/ndf   : 57.2517

Final set of parameters            Asymptotic Standard Error
=======================            ==========================

a               = 0.000256263      +/- 0.0006057    (236.4%)
b               = 73.2837          +/- 5.131        (7.001%)


correlation matrix of the fit parameters:

               a      b      
a               1.000 
b              -0.676  1.000 


*******************************************************************************
Sun Oct 16 14:26:56 2016


FIT:    data read from name.".txt"
        format = z
        #datapoints = 4
        residuals are weighted equally (unit weight)

function used for fitting: f(x)
fitted parameters initialized with current variable values



 Iteration 0
 WSSR        : 7.22364e+16       delta(WSSR)/WSSR   : 0
 delta(WSSR) : 0                 limit for stopping : 1e-05
 lambda	  : 7.7582e+07

initial set of free parameter values

a               = 1
b               = 1
c               = 1

After 12 iterations the fit converged.
final sum of squares of residuals : 7.95986
rel. change during last iteration : -7.7193e-11

degrees of freedom    (FIT_NDF)                        : 1
rms of residuals      (FIT_STDFIT) = sqrt(WSSR/ndf)    : 2.82132
variance of residuals (reduced chisquare) = WSSR/ndf   : 7.95986

Final set of parameters            Asymptotic Standard Error
=======================            ==========================

a               = 3.31869e-07      +/- 9.071e-08    (27.33%)
b               = -0.00572413      +/- 0.00165      (28.83%)
c               = 83.6922          +/- 3.428        (4.096%)


correlation matrix of the fit parameters:

               a      b      c      
a               1.000 
b              -0.991  1.000 
c               0.830 -0.874  1.000 


*******************************************************************************
Sun Oct 16 14:27:36 2016


FIT:    data read from name.".txt"
        format = z
        #datapoints = 4
        residuals are weighted equally (unit weight)

function used for fitting: f(x)
fitted parameters initialized with current variable values



 Iteration 0
 WSSR        : 1.93468e+25       delta(WSSR)/WSSR   : 0
 delta(WSSR) : 0                 limit for stopping : 1e-05
 lambda	  : 1.09956e+12

initial set of free parameter values

a               = 1
b               = 1
c               = 1
d               = 1

The maximum lambda = 1.000000e+20 was exceeded. Fit stopped.
final sum of squares of residuals : 1.29247e-26
rel. change during last iteration : 0


Exactly as many data points as there are parameters.
In this degenerate case, all errors are zero by definition.

Final set of parameters 
======================= 

a               = 4.24001e-10    
b               = -8.09875e-06   
c               = 0.0191807      
d               = 73.9579        


*******************************************************************************
Sun Oct 16 14:28:10 2016


FIT:    data read from name.".txt"
        format = z
        #datapoints = 4
        residuals are weighted equally (unit weight)

function used for fitting: f(x)
fitted parameters initialized with current variable values



 Iteration 0
 WSSR        : 1.93468e+25       delta(WSSR)/WSSR   : 0
 delta(WSSR) : 0                 limit for stopping : 1e-05
 lambda	  : 1.09956e+12

initial set of free parameter values

a               = 1
b               = 1
c               = 1
d               = 1

The maximum lambda = 1.000000e+20 was exceeded. Fit stopped.
final sum of squares of residuals : 1.29247e-26
rel. change during last iteration : 0


Exactly as many data points as there are parameters.
In this degenerate case, all errors are zero by definition.

Final set of parameters 
======================= 

a               = 4.24001e-10    
b               = -8.09875e-06   
c               = 0.0191807      
d               = 73.9579        


*******************************************************************************
Sun Oct 16 14:29:35 2016


FIT:    data read from name.".txt"
        format = z
        #datapoints = 4
        residuals are weighted equally (unit weight)

function used for fitting: f(x)
fitted parameters initialized with current variable values



 Iteration 0
 WSSR        : 1.93468e+25       delta(WSSR)/WSSR   : 0
 delta(WSSR) : 0                 limit for stopping : 1e-05
 lambda	  : 1.09956e+12

initial set of free parameter values

a               = 1
b               = 1
c               = 1
d               = 1

The maximum lambda = 1.000000e+20 was exceeded. Fit stopped.
final sum of squares of residuals : 1.29247e-26
rel. change during last iteration : 0


Exactly as many data points as there are parameters.
In this degenerate case, all errors are zero by definition.

Final set of parameters 
======================= 

a               = 4.24001e-10    
b               = -8.09875e-06   
c               = 0.0191807      
d               = 73.9579        


*******************************************************************************
Sun Oct 16 14:30:05 2016


FIT:    data read from name.".txt"
        format = z
        #datapoints = 4
        residuals are weighted equally (unit weight)

function used for fitting: f(x)
fitted parameters initialized with current variable values



 Iteration 0
 WSSR        : 1.93468e+25       delta(WSSR)/WSSR   : 0
 delta(WSSR) : 0                 limit for stopping : 1e-05
 lambda	  : 1.09956e+12

initial set of free parameter values

a               = 1
b               = 1
c               = 1
d               = 1

The maximum lambda = 1.000000e+20 was exceeded. Fit stopped.
final sum of squares of residuals : 1.29247e-26
rel. change during last iteration : 0


Exactly as many data points as there are parameters.
In this degenerate case, all errors are zero by definition.

Final set of parameters 
======================= 

a               = 4.24001e-10    
b               = -8.09875e-06   
c               = 0.0191807      
d               = 73.9579        


*******************************************************************************
Sun Oct 16 14:30:05 2016


FIT:    data read from name.".txt"
        format = z
        #datapoints = 4
        residuals are weighted equally (unit weight)

function used for fitting: f(x)
fitted parameters initialized with current variable values



 Iteration 0
 WSSR        : 1182              delta(WSSR)/WSSR   : 0
 delta(WSSR) : 0                 limit for stopping : 1e-05
 lambda	  : 1.09956e+12

initial set of free parameter values

a               = 4.24001e-10
b               = -8.09875e-06
c               = 0.0191807
d               = 73.9579

After 3 iterations the fit converged.
final sum of squares of residuals : 774.509
rel. change during last iteration : -1.06764e-06


Exactly as many data points as there are parameters.
In this degenerate case, all errors are zero by definition.

Final set of parameters 
======================= 

a               = 4.19412e-10    
b               = -8.09876e-06   
c               = 0.0191807      
d               = 73.9579        


*******************************************************************************
Sun Oct 16 14:30:05 2016


FIT:    data read from name.".txt"
        format = z
        #datapoints = 4
        residuals are weighted equally (unit weight)

function used for fitting: f(x)
fitted parameters initialized with current variable values



 Iteration 0
 WSSR        : 2355.99           delta(WSSR)/WSSR   : 0
 delta(WSSR) : 0                 limit for stopping : 1e-05
 lambda	  : 1.09956e+12

initial set of free parameter values

a               = 4.19412e-10
b               = -8.09876e-06
c               = 0.0191807
d               = 73.9579

After 3 iterations the fit converged.
final sum of squares of residuals : 2208.98
rel. change during last iteration : -1.04327e-06


Exactly as many data points as there are parameters.
In this degenerate case, all errors are zero by definition.

Final set of parameters 
======================= 

a               = 4.16655e-10    
b               = -8.09876e-06   
c               = 0.0191807      
d               = 73.9579        


*******************************************************************************
Sun Oct 16 14:31:32 2016


FIT:    data read from name.".txt"
        format = z
        #datapoints = 4
        residuals are weighted equally (unit weight)

function used for fitting: f(x)


*******************************************************************************
Sun Oct 16 14:32:29 2016


FIT:    data read from name.".txt"
        format = z
        x range restricted to [0.00000 : 225.000]
BREAK:          No data to fit 



*******************************************************************************
Sun Oct 16 14:32:38 2016


FIT:    data read from name.".txt"
        format = z
        x range restricted to [1.00000 : 225.000]
BREAK:          No data to fit 



*******************************************************************************
Sun Oct 16 14:37:39 2016


FIT:    data read from name.".txt"
        format = z
        x range restricted to [1.00000 : 225.000]
BREAK:          No data to fit 



*******************************************************************************
Sun Oct 16 14:38:05 2016


FIT:    data read from name.".txt"
        format = z
        x range restricted to [1.00000 : 300.000]
BREAK:          No data to fit 



*******************************************************************************
Sun Oct 16 14:38:57 2016


FIT:    data read from name.".txt"
        format = z
        x range restricted to [1.00000 : 4000.00]
        #datapoints = 3
        residuals are weighted equally (unit weight)

function used for fitting: f(x)
fitted parameters initialized with current variable values



 Iteration 0
 WSSR        : 1.76764e+07       delta(WSSR)/WSSR   : 0
 delta(WSSR) : 0                 limit for stopping : 1e-05
 lambda	  : 1758.82

initial set of free parameter values

a               = 1
b               = 1

After 7 iterations the fit converged.
final sum of squares of residuals : 7.05399
rel. change during last iteration : -1.41039e-07

degrees of freedom    (FIT_NDF)                        : 1
rms of residuals      (FIT_STDFIT) = sqrt(WSSR/ndf)    : 2.65593
variance of residuals (reduced chisquare) = WSSR/ndf   : 7.05399

Final set of parameters            Asymptotic Standard Error
=======================            ==========================

a               = -0.00458145      +/- 0.001258     (27.45%)
b               = 83.2659          +/- 3.128        (3.757%)


correlation matrix of the fit parameters:

               a      b      
a               1.000 
b              -0.872  1.000 


*******************************************************************************
Sun Oct 16 14:38:57 2016


FIT:    data read from name.".txt"
        format = z
        x range restricted to [4000.00 : *]
BREAK:          No data to fit 



*******************************************************************************
Sun Oct 16 14:39:35 2016


FIT:    data read from name.".txt"
        format = z
        x range restricted to [1.00000 : 4000.00]
        #datapoints = 3
        residuals are weighted equally (unit weight)

function used for fitting: f(x)
fitted parameters initialized with current variable values



 Iteration 0
 WSSR        : 1.76764e+07       delta(WSSR)/WSSR   : 0
 delta(WSSR) : 0                 limit for stopping : 1e-05
 lambda	  : 1758.82

initial set of free parameter values

a               = 1
b               = 1

After 7 iterations the fit converged.
final sum of squares of residuals : 7.05399
rel. change during last iteration : -1.41039e-07

degrees of freedom    (FIT_NDF)                        : 1
rms of residuals      (FIT_STDFIT) = sqrt(WSSR/ndf)    : 2.65593
variance of residuals (reduced chisquare) = WSSR/ndf   : 7.05399

Final set of parameters            Asymptotic Standard Error
=======================            ==========================

a               = -0.00458145      +/- 0.001258     (27.45%)
b               = 83.2659          +/- 3.128        (3.757%)


correlation matrix of the fit parameters:

               a      b      
a               1.000 
b              -0.872  1.000 


*******************************************************************************
Sun Oct 16 14:39:35 2016


FIT:    data read from name.".txt"
        format = z
        x range restricted to [1.00000 : 4000.00]
        #datapoints = 3
        residuals are weighted equally (unit weight)

function used for fitting: f(x)
fitted parameters initialized with current variable values



 Iteration 0
 WSSR        : 775.292           delta(WSSR)/WSSR   : 0
 delta(WSSR) : 0                 limit for stopping : 1e-05
 lambda	  : 1758.82

initial set of free parameter values

a               = -0.00458145
b               = 83.2659

After 8 iterations the fit converged.
final sum of squares of residuals : 0.00423353
rel. change during last iteration : -1.60625e-13

degrees of freedom    (FIT_NDF)                        : 1
rms of residuals      (FIT_STDFIT) = sqrt(WSSR/ndf)    : 0.0650656
variance of residuals (reduced chisquare) = WSSR/ndf   : 0.00423353

Final set of parameters            Asymptotic Standard Error
=======================            ==========================

a               = -0.00330318      +/- 3.081e-05    (0.9327%)
b               = 64.4946          +/- 0.07663      (0.1188%)


correlation matrix of the fit parameters:

               a      b      
a               1.000 
b              -0.872  1.000 


*******************************************************************************
Sun Oct 16 14:39:35 2016


FIT:    data read from name.".txt"
        format = z
        x range restricted to [1.00000 : 4000.00]
        #datapoints = 3
        residuals are weighted equally (unit weight)

function used for fitting: f(x)
fitted parameters initialized with current variable values



 Iteration 0
 WSSR        : 370.85            delta(WSSR)/WSSR   : 0
 delta(WSSR) : 0                 limit for stopping : 1e-05
 lambda	  : 1758.82

initial set of free parameter values

a               = -0.00330318
b               = 64.4946

After 7 iterations the fit converged.
final sum of squares of residuals : 1.24902
rel. change during last iteration : -2.18895e-08

degrees of freedom    (FIT_NDF)                        : 1
rms of residuals      (FIT_STDFIT) = sqrt(WSSR/ndf)    : 1.1176
variance of residuals (reduced chisquare) = WSSR/ndf   : 1.24902

Final set of parameters            Asymptotic Standard Error
=======================            ==========================

a               = -0.00208657      +/- 0.0005292    (25.36%)
b               = 50.857           +/- 1.316        (2.588%)


correlation matrix of the fit parameters:

               a      b      
a               1.000 
b              -0.872  1.000 


*******************************************************************************
Sun Oct 16 14:41:46 2016


FIT:    data read from name.".txt"
        format = z
        x range restricted to [1.00000 : 4000.00]
        #datapoints = 3
        residuals are weighted equally (unit weight)

function used for fitting: f(x)
fitted parameters initialized with current variable values



 Iteration 0
 WSSR        : 1.76764e+07       delta(WSSR)/WSSR   : 0
 delta(WSSR) : 0                 limit for stopping : 1e-05
 lambda	  : 1758.82

initial set of free parameter values

a               = 1
b               = 1

After 7 iterations the fit converged.
final sum of squares of residuals : 7.05399
rel. change during last iteration : -1.41039e-07

degrees of freedom    (FIT_NDF)                        : 1
rms of residuals      (FIT_STDFIT) = sqrt(WSSR/ndf)    : 2.65593
variance of residuals (reduced chisquare) = WSSR/ndf   : 7.05399

Final set of parameters            Asymptotic Standard Error
=======================            ==========================

a               = -0.00458145      +/- 0.001258     (27.45%)
b               = 83.2659          +/- 3.128        (3.757%)


correlation matrix of the fit parameters:

               a      b      
a               1.000 
b              -0.872  1.000 


*******************************************************************************
Sun Oct 16 14:41:46 2016


FIT:    data read from name.".txt"
        format = z
        x range restricted to [1.00000 : 4000.00]
        #datapoints = 3
        residuals are weighted equally (unit weight)

function used for fitting: f(x)
fitted parameters initialized with current variable values



 Iteration 0
 WSSR        : 775.292           delta(WSSR)/WSSR   : 0
 delta(WSSR) : 0                 limit for stopping : 1e-05
 lambda	  : 1758.82

initial set of free parameter values

a               = -0.00458145
b               = 83.2659

After 8 iterations the fit converged.
final sum of squares of residuals : 0.00423353
rel. change during last iteration : -1.60625e-13

degrees of freedom    (FIT_NDF)                        : 1
rms of residuals      (FIT_STDFIT) = sqrt(WSSR/ndf)    : 0.0650656
variance of residuals (reduced chisquare) = WSSR/ndf   : 0.00423353

Final set of parameters            Asymptotic Standard Error
=======================            ==========================

a               = -0.00330318      +/- 3.081e-05    (0.9327%)
b               = 64.4946          +/- 0.07663      (0.1188%)


correlation matrix of the fit parameters:

               a      b      
a               1.000 
b              -0.872  1.000 


*******************************************************************************
Sun Oct 16 14:41:46 2016


FIT:    data read from name.".txt"
        format = z
        x range restricted to [1.00000 : 4000.00]
        #datapoints = 3
        residuals are weighted equally (unit weight)

function used for fitting: f(x)
fitted parameters initialized with current variable values



 Iteration 0
 WSSR        : 370.85            delta(WSSR)/WSSR   : 0
 delta(WSSR) : 0                 limit for stopping : 1e-05
 lambda	  : 1758.82

initial set of free parameter values

a               = -0.00330318
b               = 64.4946

After 7 iterations the fit converged.
final sum of squares of residuals : 1.24902
rel. change during last iteration : -2.18895e-08

degrees of freedom    (FIT_NDF)                        : 1
rms of residuals      (FIT_STDFIT) = sqrt(WSSR/ndf)    : 1.1176
variance of residuals (reduced chisquare) = WSSR/ndf   : 1.24902

Final set of parameters            Asymptotic Standard Error
=======================            ==========================

a               = -0.00208657      +/- 0.0005292    (25.36%)
b               = 50.857           +/- 1.316        (2.588%)


correlation matrix of the fit parameters:

               a      b      
a               1.000 
b              -0.872  1.000 


*******************************************************************************
Sun Oct 16 14:42:09 2016


FIT:    data read from name.".txt"
        format = z
        x range restricted to [1.00000 : 3000.00]
        #datapoints = 2
        residuals are weighted equally (unit weight)

function used for fitting: f(x)
fitted parameters initialized with current variable values



 Iteration 0
 WSSR        : 8.07876e+06       delta(WSSR)/WSSR   : 0
 delta(WSSR) : 0                 limit for stopping : 1e-05
 lambda	  : 1462

initial set of free parameter values

a               = 1
b               = 1

After 8 iterations the fit converged.
final sum of squares of residuals : 0
abs. change during last iteration : -2.08367e-18


Exactly as many data points as there are parameters.
In this degenerate case, all errors are zero by definition.

Final set of parameters 
======================= 

a               = -0.00369155    
b               = 82.6649        


*******************************************************************************
Sun Oct 16 14:42:09 2016


FIT:    data read from name.".txt"
        format = z
        x range restricted to [1.00000 : 3000.00]
        #datapoints = 2
        residuals are weighted equally (unit weight)

function used for fitting: f(x)
fitted parameters initialized with current variable values



 Iteration 0
 WSSR        : 613               delta(WSSR)/WSSR   : 0
 delta(WSSR) : 0                 limit for stopping : 1e-05
 lambda	  : 1462

initial set of free parameter values

a               = -0.00369155
b               = 82.6649

After 8 iterations the fit converged.
final sum of squares of residuals : 0
abs. change during last iteration : -1.03321e-19


Exactly as many data points as there are parameters.
In this degenerate case, all errors are zero by definition.

Final set of parameters 
======================= 

a               = -0.00328138    
b               = 64.4799        


*******************************************************************************
Sun Oct 16 14:42:09 2016


FIT:    data read from name.".txt"
        format = z
        x range restricted to [1.00000 : 3000.00]
        #datapoints = 2
        residuals are weighted equally (unit weight)

function used for fitting: f(x)
fitted parameters initialized with current variable values



 Iteration 0
 WSSR        : 290               delta(WSSR)/WSSR   : 0
 delta(WSSR) : 0                 limit for stopping : 1e-05
 lambda	  : 1462

initial set of free parameter values

a               = -0.00328138
b               = 64.4799

After 8 iterations the fit converged.
final sum of squares of residuals : 0
abs. change during last iteration : -5.58502e-20


Exactly as many data points as there are parameters.
In this degenerate case, all errors are zero by definition.

Final set of parameters 
======================= 

a               = -0.00246103    
b               = 51.1099        


*******************************************************************************
Sun Oct 16 14:43:55 2016


FIT:    data read from name.".txt"
        format = z
        x range restricted to [1.00000 : 3000.00]
        #datapoints = 2
        residuals are weighted equally (unit weight)

function used for fitting: f(x)
fitted parameters initialized with current variable values



 Iteration 0
 WSSR        : 8.07876e+06       delta(WSSR)/WSSR   : 0
 delta(WSSR) : 0                 limit for stopping : 1e-05
 lambda	  : 1462

initial set of free parameter values

a               = 1
b               = 1

After 8 iterations the fit converged.
final sum of squares of residuals : 0
abs. change during last iteration : -2.08367e-18


Exactly as many data points as there are parameters.
In this degenerate case, all errors are zero by definition.

Final set of parameters 
======================= 

a               = -0.00369155    
b               = 82.6649        


*******************************************************************************
Sun Oct 16 14:44:06 2016


FIT:    data read from name.".txt"
        format = z
        x range restricted to [1.00000 : 3000.00]
        #datapoints = 2
        residuals are weighted equally (unit weight)

function used for fitting: f(x)
fitted parameters initialized with current variable values



 Iteration 0
 WSSR        : 8.07876e+06       delta(WSSR)/WSSR   : 0
 delta(WSSR) : 0                 limit for stopping : 1e-05
 lambda	  : 1462

initial set of free parameter values

a               = 1
b               = 1

After 8 iterations the fit converged.
final sum of squares of residuals : 0
abs. change during last iteration : -2.08367e-18


Exactly as many data points as there are parameters.
In this degenerate case, all errors are zero by definition.

Final set of parameters 
======================= 

a               = -0.00369155    
b               = 82.6649        


*******************************************************************************
Sun Oct 16 14:44:06 2016


FIT:    data read from name.".txt"
        format = z
        x range restricted to [1.00000 : 3000.00]
        #datapoints = 2
        residuals are weighted equally (unit weight)

function used for fitting: f(x)
fitted parameters initialized with current variable values



 Iteration 0
 WSSR        : 613               delta(WSSR)/WSSR   : 0
 delta(WSSR) : 0                 limit for stopping : 1e-05
 lambda	  : 1462

initial set of free parameter values

a               = -0.00369155
b               = 82.6649

After 8 iterations the fit converged.
final sum of squares of residuals : 0
abs. change during last iteration : -1.03321e-19


Exactly as many data points as there are parameters.
In this degenerate case, all errors are zero by definition.

Final set of parameters 
======================= 

a               = -0.00328138    
b               = 64.4799        


*******************************************************************************
Sun Oct 16 14:44:06 2016


FIT:    data read from name.".txt"
        format = z
        x range restricted to [1.00000 : 3000.00]
        #datapoints = 2
        residuals are weighted equally (unit weight)

function used for fitting: f(x)
fitted parameters initialized with current variable values



 Iteration 0
 WSSR        : 290               delta(WSSR)/WSSR   : 0
 delta(WSSR) : 0                 limit for stopping : 1e-05
 lambda	  : 1462

initial set of free parameter values

a               = -0.00328138
b               = 64.4799

After 8 iterations the fit converged.
final sum of squares of residuals : 0
abs. change during last iteration : -5.58502e-20


Exactly as many data points as there are parameters.
In this degenerate case, all errors are zero by definition.

Final set of parameters 
======================= 

a               = -0.00246103    
b               = 51.1099        


*******************************************************************************
Sun Oct 16 14:44:35 2016


FIT:    data read from name.".txt"
        format = z
        x range restricted to [1.00000 : 4000.00]
        #datapoints = 3
        residuals are weighted equally (unit weight)

function used for fitting: f(x)
fitted parameters initialized with current variable values



 Iteration 0
 WSSR        : 1.76764e+07       delta(WSSR)/WSSR   : 0
 delta(WSSR) : 0                 limit for stopping : 1e-05
 lambda	  : 1758.82

initial set of free parameter values

a               = 1
b               = 1

After 7 iterations the fit converged.
final sum of squares of residuals : 7.05399
rel. change during last iteration : -1.41039e-07

degrees of freedom    (FIT_NDF)                        : 1
rms of residuals      (FIT_STDFIT) = sqrt(WSSR/ndf)    : 2.65593
variance of residuals (reduced chisquare) = WSSR/ndf   : 7.05399

Final set of parameters            Asymptotic Standard Error
=======================            ==========================

a               = -0.00458145      +/- 0.001258     (27.45%)
b               = 83.2659          +/- 3.128        (3.757%)


correlation matrix of the fit parameters:

               a      b      
a               1.000 
b              -0.872  1.000 


*******************************************************************************
Sun Oct 16 14:44:35 2016


FIT:    data read from name.".txt"
        format = z
        x range restricted to [1.00000 : 4000.00]
        #datapoints = 3
        residuals are weighted equally (unit weight)

function used for fitting: f(x)
fitted parameters initialized with current variable values



 Iteration 0
 WSSR        : 775.292           delta(WSSR)/WSSR   : 0
 delta(WSSR) : 0                 limit for stopping : 1e-05
 lambda	  : 1758.82

initial set of free parameter values

a               = -0.00458145
b               = 83.2659

After 8 iterations the fit converged.
final sum of squares of residuals : 0.00423353
rel. change during last iteration : -1.60625e-13

degrees of freedom    (FIT_NDF)                        : 1
rms of residuals      (FIT_STDFIT) = sqrt(WSSR/ndf)    : 0.0650656
variance of residuals (reduced chisquare) = WSSR/ndf   : 0.00423353

Final set of parameters            Asymptotic Standard Error
=======================            ==========================

a               = -0.00330318      +/- 3.081e-05    (0.9327%)
b               = 64.4946          +/- 0.07663      (0.1188%)


correlation matrix of the fit parameters:

               a      b      
a               1.000 
b              -0.872  1.000 


*******************************************************************************
Sun Oct 16 14:44:35 2016


FIT:    data read from name.".txt"
        format = z
        x range restricted to [1.00000 : 4000.00]
        #datapoints = 3
        residuals are weighted equally (unit weight)

function used for fitting: f(x)
fitted parameters initialized with current variable values



 Iteration 0
 WSSR        : 370.85            delta(WSSR)/WSSR   : 0
 delta(WSSR) : 0                 limit for stopping : 1e-05
 lambda	  : 1758.82

initial set of free parameter values

a               = -0.00330318
b               = 64.4946

After 7 iterations the fit converged.
final sum of squares of residuals : 1.24902
rel. change during last iteration : -2.18895e-08

degrees of freedom    (FIT_NDF)                        : 1
rms of residuals      (FIT_STDFIT) = sqrt(WSSR/ndf)    : 1.1176
variance of residuals (reduced chisquare) = WSSR/ndf   : 1.24902

Final set of parameters            Asymptotic Standard Error
=======================            ==========================

a               = -0.00208657      +/- 0.0005292    (25.36%)
b               = 50.857           +/- 1.316        (2.588%)


correlation matrix of the fit parameters:

               a      b      
a               1.000 
b              -0.872  1.000 


*******************************************************************************
Sun Oct 16 14:45:53 2016


FIT:    data read from name.".txt"
        format = z
        x range restricted to [1.00000 : 4000.00]
        #datapoints = 3
        residuals are weighted equally (unit weight)

function used for fitting: f(x)
fitted parameters initialized with current variable values



 Iteration 0
 WSSR        : 1.76764e+07       delta(WSSR)/WSSR   : 0
 delta(WSSR) : 0                 limit for stopping : 1e-05
 lambda	  : 1758.82

initial set of free parameter values

a               = 1
b               = 1

After 7 iterations the fit converged.
final sum of squares of residuals : 7.05399
rel. change during last iteration : -1.41039e-07

degrees of freedom    (FIT_NDF)                        : 1
rms of residuals      (FIT_STDFIT) = sqrt(WSSR/ndf)    : 2.65593
variance of residuals (reduced chisquare) = WSSR/ndf   : 7.05399

Final set of parameters            Asymptotic Standard Error
=======================            ==========================

a               = -0.00458145      +/- 0.001258     (27.45%)
b               = 83.2659          +/- 3.128        (3.757%)


correlation matrix of the fit parameters:

               a      b      
a               1.000 
b              -0.872  1.000 


*******************************************************************************
Sun Oct 16 14:45:53 2016


FIT:    data read from name.".txt"
        format = z
        x range restricted to [4000.00 : *]
BREAK:          No data to fit 



*******************************************************************************
Sun Oct 16 14:46:41 2016


FIT:    data read from name.".txt"
        format = z
        x range restricted to [1.00000 : 4000.00]
        #datapoints = 3
        residuals are weighted equally (unit weight)

function used for fitting: f(x)
fitted parameters initialized with current variable values



 Iteration 0
 WSSR        : 1.76764e+07       delta(WSSR)/WSSR   : 0
 delta(WSSR) : 0                 limit for stopping : 1e-05
 lambda	  : 1758.82

initial set of free parameter values

a               = 1
b               = 1

After 7 iterations the fit converged.
final sum of squares of residuals : 7.05399
rel. change during last iteration : -1.41039e-07

degrees of freedom    (FIT_NDF)                        : 1
rms of residuals      (FIT_STDFIT) = sqrt(WSSR/ndf)    : 2.65593
variance of residuals (reduced chisquare) = WSSR/ndf   : 7.05399

Final set of parameters            Asymptotic Standard Error
=======================            ==========================

a               = -0.00458145      +/- 0.001258     (27.45%)
b               = 83.2659          +/- 3.128        (3.757%)


correlation matrix of the fit parameters:

               a      b      
a               1.000 
b              -0.872  1.000 


*******************************************************************************
Sun Oct 16 14:46:41 2016


FIT:    data read from name.".txt"
        format = z
        x range restricted to [3000.00 : *]
        #datapoints = 2
        residuals are weighted equally (unit weight)

function used for fitting: e(x)


*******************************************************************************
Sun Oct 16 14:47:02 2016


FIT:    data read from name.".txt"
        format = z
        x range restricted to [1.00000 : 4000.00]
        #datapoints = 3
        residuals are weighted equally (unit weight)

function used for fitting: f(x)
fitted parameters initialized with current variable values



 Iteration 0
 WSSR        : 1.76764e+07       delta(WSSR)/WSSR   : 0
 delta(WSSR) : 0                 limit for stopping : 1e-05
 lambda	  : 1758.82

initial set of free parameter values

a               = 1
b               = 1

After 7 iterations the fit converged.
final sum of squares of residuals : 7.05399
rel. change during last iteration : -1.41039e-07

degrees of freedom    (FIT_NDF)                        : 1
rms of residuals      (FIT_STDFIT) = sqrt(WSSR/ndf)    : 2.65593
variance of residuals (reduced chisquare) = WSSR/ndf   : 7.05399

Final set of parameters            Asymptotic Standard Error
=======================            ==========================

a               = -0.00458145      +/- 0.001258     (27.45%)
b               = 83.2659          +/- 3.128        (3.757%)


correlation matrix of the fit parameters:

               a      b      
a               1.000 
b              -0.872  1.000 


*******************************************************************************
Sun Oct 16 14:47:02 2016


FIT:    data read from name.".txt"
        format = z
        x range restricted to [3000.00 : *]
        #datapoints = 2
        residuals are weighted equally (unit weight)

function used for fitting: e(x)


*******************************************************************************
Sun Oct 16 14:47:26 2016


FIT:    data read from name.".txt"
        format = z
        x range restricted to [1.00000 : 4000.00]
        #datapoints = 3
        residuals are weighted equally (unit weight)

function used for fitting: f(x)
fitted parameters initialized with current variable values



 Iteration 0
 WSSR        : 1.76764e+07       delta(WSSR)/WSSR   : 0
 delta(WSSR) : 0                 limit for stopping : 1e-05
 lambda	  : 1758.82

initial set of free parameter values

a               = 1
b               = 1

After 7 iterations the fit converged.
final sum of squares of residuals : 7.05399
rel. change during last iteration : -1.41039e-07

degrees of freedom    (FIT_NDF)                        : 1
rms of residuals      (FIT_STDFIT) = sqrt(WSSR/ndf)    : 2.65593
variance of residuals (reduced chisquare) = WSSR/ndf   : 7.05399

Final set of parameters            Asymptotic Standard Error
=======================            ==========================

a               = -0.00458145      +/- 0.001258     (27.45%)
b               = 83.2659          +/- 3.128        (3.757%)


correlation matrix of the fit parameters:

               a      b      
a               1.000 
b              -0.872  1.000 


*******************************************************************************
Sun Oct 16 14:47:26 2016


FIT:    data read from name.".txt"
        format = z
        x range restricted to [3000.00 : *]
        #datapoints = 2
        residuals are weighted equally (unit weight)

function used for fitting: e(x)
fitted parameters initialized with current variable values



 Iteration 0
 WSSR        : 5015.28           delta(WSSR)/WSSR   : 0
 delta(WSSR) : 0                 limit for stopping : 1e-05
 lambda	  : 8343.36

initial set of free parameter values

a               = -0.00458145
b               = 83.2659

After 10 iterations the fit converged.
final sum of squares of residuals : 0
abs. change during last iteration : -2.01948e-28


Exactly as many data points as there are parameters.
In this degenerate case, all errors are zero by definition.

Final set of parameters 
======================= 

a               = 0.000907716    
b               = 64.128         


*******************************************************************************
Sun Oct 16 14:47:26 2016


FIT:    data read from name.".txt"
        format = z
        x range restricted to [1.00000 : 4000.00]
        #datapoints = 3
        residuals are weighted equally (unit weight)

function used for fitting: f(x)
fitted parameters initialized with current variable values



 Iteration 0
 WSSR        : 309.435           delta(WSSR)/WSSR   : 0
 delta(WSSR) : 0                 limit for stopping : 1e-05
 lambda	  : 1758.82

initial set of free parameter values

a               = 0.000907716
b               = 64.128

After 7 iterations the fit converged.
final sum of squares of residuals : 0.00423353
rel. change during last iteration : -4.66784e-09

degrees of freedom    (FIT_NDF)                        : 1
rms of residuals      (FIT_STDFIT) = sqrt(WSSR/ndf)    : 0.0650656
variance of residuals (reduced chisquare) = WSSR/ndf   : 0.00423353

Final set of parameters            Asymptotic Standard Error
=======================            ==========================

a               = -0.00330318      +/- 3.081e-05    (0.9327%)
b               = 64.4946          +/- 0.07663      (0.1188%)


correlation matrix of the fit parameters:

               a      b      
a               1.000 
b              -0.872  1.000 


*******************************************************************************
Sun Oct 16 14:47:26 2016


FIT:    data read from name.".txt"
        format = z
        x range restricted to [3000.00 : *]
        #datapoints = 2
        residuals are weighted equally (unit weight)

function used for fitting: e(x)
fitted parameters initialized with current variable values



 Iteration 0
 WSSR        : 2364.36           delta(WSSR)/WSSR   : 0
 delta(WSSR) : 0                 limit for stopping : 1e-05
 lambda	  : 8343.36

initial set of free parameter values

a               = -0.00330318
b               = 64.4946

After 10 iterations the fit converged.
final sum of squares of residuals : 0
abs. change during last iteration : -5.04871e-29


Exactly as many data points as there are parameters.
In this degenerate case, all errors are zero by definition.

Final set of parameters 
======================= 

a               = 0.000378215    
b               = 52.8033        


*******************************************************************************
Sun Oct 16 14:47:26 2016


FIT:    data read from name.".txt"
        format = z
        x range restricted to [1.00000 : 4000.00]
        #datapoints = 3
        residuals are weighted equally (unit weight)

function used for fitting: f(x)
fitted parameters initialized with current variable values



 Iteration 0
 WSSR        : 187.775           delta(WSSR)/WSSR   : 0
 delta(WSSR) : 0                 limit for stopping : 1e-05
 lambda	  : 1758.82

initial set of free parameter values

a               = 0.000378215
b               = 52.8033

After 7 iterations the fit converged.
final sum of squares of residuals : 1.24902
rel. change during last iteration : -4.45846e-10

degrees of freedom    (FIT_NDF)                        : 1
rms of residuals      (FIT_STDFIT) = sqrt(WSSR/ndf)    : 1.1176
variance of residuals (reduced chisquare) = WSSR/ndf   : 1.24902

Final set of parameters            Asymptotic Standard Error
=======================            ==========================

a               = -0.00208657      +/- 0.0005292    (25.36%)
b               = 50.857           +/- 1.316        (2.588%)


correlation matrix of the fit parameters:

               a      b      
a               1.000 
b              -0.872  1.000 


*******************************************************************************
Sun Oct 16 14:47:26 2016


FIT:    data read from name.".txt"
        format = z
        x range restricted to [3000.00 : *]
        #datapoints = 2
        residuals are weighted equally (unit weight)

function used for fitting: e(x)
fitted parameters initialized with current variable values



 Iteration 0
 WSSR        : 920.426           delta(WSSR)/WSSR   : 0
 delta(WSSR) : 0                 limit for stopping : 1e-05
 lambda	  : 8343.36

initial set of free parameter values

a               = -0.00208657
b               = 50.857

After 10 iterations the fit converged.
final sum of squares of residuals : 0
abs. change during last iteration : -5.04871e-29


Exactly as many data points as there are parameters.
In this degenerate case, all errors are zero by definition.

Final set of parameters 
======================= 

a               = 0.000151286    
b               = 44.5213        


*******************************************************************************
Sun Oct 16 14:48:12 2016


FIT:    data read from name.".txt"
        format = z
        x range restricted to [1.00000 : 4000.00]
        #datapoints = 3
        residuals are weighted equally (unit weight)

function used for fitting: f(x)
fitted parameters initialized with current variable values



 Iteration 0
 WSSR        : 1.76764e+07       delta(WSSR)/WSSR   : 0
 delta(WSSR) : 0                 limit for stopping : 1e-05
 lambda	  : 1758.82

initial set of free parameter values

fa              = 1
fb              = 1

After 7 iterations the fit converged.
final sum of squares of residuals : 7.05399
rel. change during last iteration : -1.41039e-07

degrees of freedom    (FIT_NDF)                        : 1
rms of residuals      (FIT_STDFIT) = sqrt(WSSR/ndf)    : 2.65593
variance of residuals (reduced chisquare) = WSSR/ndf   : 7.05399

Final set of parameters            Asymptotic Standard Error
=======================            ==========================

fa              = -0.00458145      +/- 0.001258     (27.45%)
fb              = 83.2659          +/- 3.128        (3.757%)


correlation matrix of the fit parameters:

               fa     fb     
fa              1.000 
fb             -0.872  1.000 


*******************************************************************************
Sun Oct 16 14:48:12 2016


FIT:    data read from name.".txt"
        format = z
        x range restricted to [3000.00 : *]
        #datapoints = 2
        residuals are weighted equally (unit weight)

function used for fitting: e(x)
fitted parameters initialized with current variable values



 Iteration 0
 WSSR        : 2.75483e+08       delta(WSSR)/WSSR   : 0
 delta(WSSR) : 0                 limit for stopping : 1e-05
 lambda	  : 8343.36

initial set of free parameter values

ea              = 1
eb              = 1

After 9 iterations the fit converged.
final sum of squares of residuals : 0
abs. change during last iteration : -1.23611e-21


Exactly as many data points as there are parameters.
In this degenerate case, all errors are zero by definition.

Final set of parameters 
======================= 

ea              = 0.000907716    
eb              = 64.128         


*******************************************************************************
Sun Oct 16 14:48:12 2016


FIT:    data read from name.".txt"
        format = z
        x range restricted to [1.00000 : 4000.00]
        #datapoints = 3
        residuals are weighted equally (unit weight)

function used for fitting: f(x)
fitted parameters initialized with current variable values



 Iteration 0
 WSSR        : 775.292           delta(WSSR)/WSSR   : 0
 delta(WSSR) : 0                 limit for stopping : 1e-05
 lambda	  : 1758.82

initial set of free parameter values

fa              = -0.00458145
fb              = 83.2659

After 8 iterations the fit converged.
final sum of squares of residuals : 0.00423353
rel. change during last iteration : -1.60625e-13

degrees of freedom    (FIT_NDF)                        : 1
rms of residuals      (FIT_STDFIT) = sqrt(WSSR/ndf)    : 0.0650656
variance of residuals (reduced chisquare) = WSSR/ndf   : 0.00423353

Final set of parameters            Asymptotic Standard Error
=======================            ==========================

fa              = -0.00330318      +/- 3.081e-05    (0.9327%)
fb              = 64.4946          +/- 0.07663      (0.1188%)


correlation matrix of the fit parameters:

               fa     fb     
fa              1.000 
fb             -0.872  1.000 


*******************************************************************************
Sun Oct 16 14:48:12 2016


FIT:    data read from name.".txt"
        format = z
        x range restricted to [3000.00 : *]
        #datapoints = 2
        residuals are weighted equally (unit weight)

function used for fitting: e(x)
fitted parameters initialized with current variable values



 Iteration 0
 WSSR        : 569               delta(WSSR)/WSSR   : 0
 delta(WSSR) : 0                 limit for stopping : 1e-05
 lambda	  : 8343.36

initial set of free parameter values

ea              = 0.000907716
eb              = 64.128

After 10 iterations the fit converged.
final sum of squares of residuals : 0
abs. change during last iteration : -1.00974e-28


Exactly as many data points as there are parameters.
In this degenerate case, all errors are zero by definition.

Final set of parameters 
======================= 

ea              = 0.000378215    
eb              = 52.8033        


*******************************************************************************
Sun Oct 16 14:48:12 2016


FIT:    data read from name.".txt"
        format = z
        x range restricted to [1.00000 : 4000.00]
        #datapoints = 3
        residuals are weighted equally (unit weight)

function used for fitting: f(x)
fitted parameters initialized with current variable values



 Iteration 0
 WSSR        : 370.85            delta(WSSR)/WSSR   : 0
 delta(WSSR) : 0                 limit for stopping : 1e-05
 lambda	  : 1758.82

initial set of free parameter values

fa              = -0.00330318
fb              = 64.4946

After 7 iterations the fit converged.
final sum of squares of residuals : 1.24902
rel. change during last iteration : -2.18895e-08

degrees of freedom    (FIT_NDF)                        : 1
rms of residuals      (FIT_STDFIT) = sqrt(WSSR/ndf)    : 1.1176
variance of residuals (reduced chisquare) = WSSR/ndf   : 1.24902

Final set of parameters            Asymptotic Standard Error
=======================            ==========================

fa              = -0.00208657      +/- 0.0005292    (25.36%)
fb              = 50.857           +/- 1.316        (2.588%)


correlation matrix of the fit parameters:

               fa     fb     
fa              1.000 
fb             -0.872  1.000 


*******************************************************************************
Sun Oct 16 14:48:12 2016


FIT:    data read from name.".txt"
        format = z
        x range restricted to [3000.00 : *]
        #datapoints = 2
        residuals are weighted equally (unit weight)

function used for fitting: e(x)
fitted parameters initialized with current variable values



 Iteration 0
 WSSR        : 225               delta(WSSR)/WSSR   : 0
 delta(WSSR) : 0                 limit for stopping : 1e-05
 lambda	  : 8343.36

initial set of free parameter values

ea              = 0.000378215
eb              = 52.8033

After 9 iterations the fit converged.
final sum of squares of residuals : 0
abs. change during last iteration : -2.12499e-23


Exactly as many data points as there are parameters.
In this degenerate case, all errors are zero by definition.

Final set of parameters 
======================= 

ea              = 0.000151286    
eb              = 44.5213        


*******************************************************************************
Sun Oct 16 18:45:40 2016


FIT:    data read from name.".txt"
        format = z
        #datapoints = 35
        residuals are weighted equally (unit weight)

function used for fitting: f(x)
fitted parameters initialized with current variable values



 Iteration 0
 WSSR        : 9.71596e+16       delta(WSSR)/WSSR   : 0
 delta(WSSR) : 0                 limit for stopping : 1e-05
 lambda	  : 3.04158e+07

initial set of free parameter values

a               = 1
b               = 1
c               = 1

After 11 iterations the fit converged.
final sum of squares of residuals : 3416.48
rel. change during last iteration : -2.19209e-12

degrees of freedom    (FIT_NDF)                        : 32
rms of residuals      (FIT_STDFIT) = sqrt(WSSR/ndf)    : 10.3327
variance of residuals (reduced chisquare) = WSSR/ndf   : 106.765

Final set of parameters            Asymptotic Standard Error
=======================            ==========================

a               = -2.09144e-06     +/- 2.08e-07     (9.945%)
b               = 0.0356125        +/- 0.002372     (6.662%)
c               = 9.30558          +/- 5.724        (61.51%)


correlation matrix of the fit parameters:

               a      b      c      
a               1.000 
b              -0.970  1.000 
c               0.776 -0.886  1.000 


*******************************************************************************
Sun Oct 16 18:46:21 2016


FIT:    data read from name.".txt"
        format = z
        #datapoints = 35
        residuals are weighted equally (unit weight)

function used for fitting: f(x)
fitted parameters initialized with current variable values



 Iteration 0
 WSSR        : 8.14981e+24       delta(WSSR)/WSSR   : 0
 delta(WSSR) : 0                 limit for stopping : 1e-05
 lambda	  : 2.41248e+11

initial set of free parameter values

a               = 1
b               = 1
c               = 1
d               = 1

After 12 iterations the fit converged.
final sum of squares of residuals : 3205.86
rel. change during last iteration : -4.86608e-07

degrees of freedom    (FIT_NDF)                        : 31
rms of residuals      (FIT_STDFIT) = sqrt(WSSR/ndf)    : 10.1693
variance of residuals (reduced chisquare) = WSSR/ndf   : 103.415

Final set of parameters            Asymptotic Standard Error
=======================            ==========================

a               = -3.86049e-06     +/- 1.26e-06     (32.63%)
b               = 0.0436802        +/- 0.006134     (14.04%)
c               = 0.988342         +/- 8.126        (822.2%)
d               = 1.05846e-10      +/- 7.435e-11    (70.25%)


correlation matrix of the fit parameters:

               a      b      c      d      
a               1.000 
b              -0.972  1.000 
c               0.799 -0.900  1.000 
d              -0.987  0.925 -0.721  1.000 


*******************************************************************************
Sun Oct 16 18:46:38 2016


FIT:    data read from name.".txt"
        format = z
        #datapoints = 35
        residuals are weighted equally (unit weight)

function used for fitting: f(x)
fitted parameters initialized with current variable values



 Iteration 0
 WSSR        : 9.71596e+16       delta(WSSR)/WSSR   : 0
 delta(WSSR) : 0                 limit for stopping : 1e-05
 lambda	  : 3.04158e+07

initial set of free parameter values

a               = 1
b               = 1
c               = 1

After 11 iterations the fit converged.
final sum of squares of residuals : 3416.48
rel. change during last iteration : -2.19209e-12

degrees of freedom    (FIT_NDF)                        : 32
rms of residuals      (FIT_STDFIT) = sqrt(WSSR/ndf)    : 10.3327
variance of residuals (reduced chisquare) = WSSR/ndf   : 106.765

Final set of parameters            Asymptotic Standard Error
=======================            ==========================

a               = -2.09144e-06     +/- 2.08e-07     (9.945%)
b               = 0.0356125        +/- 0.002372     (6.662%)
c               = 9.30558          +/- 5.724        (61.51%)


correlation matrix of the fit parameters:

               a      b      c      
a               1.000 
b              -0.970  1.000 
c               0.776 -0.886  1.000 


*******************************************************************************
Sun Oct 16 18:47:43 2016


FIT:    data read from name.".txt"
        format = z
        #datapoints = 35
        residuals are weighted equally (unit weight)

function used for fitting: f(x)
fitted parameters initialized with current variable values



 Iteration 0
 WSSR        : 9.71596e+16       delta(WSSR)/WSSR   : 0
 delta(WSSR) : 0                 limit for stopping : 1e-05
 lambda	  : 3.04158e+07

initial set of free parameter values

a               = 1
b               = 1
c               = 1

After 11 iterations the fit converged.
final sum of squares of residuals : 3416.48
rel. change during last iteration : -2.19209e-12

degrees of freedom    (FIT_NDF)                        : 32
rms of residuals      (FIT_STDFIT) = sqrt(WSSR/ndf)    : 10.3327
variance of residuals (reduced chisquare) = WSSR/ndf   : 106.765

Final set of parameters            Asymptotic Standard Error
=======================            ==========================

a               = -2.09144e-06     +/- 2.08e-07     (9.945%)
b               = 0.0356125        +/- 0.002372     (6.662%)
c               = 9.30558          +/- 5.724        (61.51%)


correlation matrix of the fit parameters:

               a      b      c      
a               1.000 
b              -0.970  1.000 
c               0.776 -0.886  1.000 


*******************************************************************************
Sun Oct 16 18:48:59 2016


FIT:    data read from name.".txt"
        format = z
        #datapoints = 35
        residuals are weighted equally (unit weight)

function used for fitting: f(x)
fitted parameters initialized with current variable values



 Iteration 0
 WSSR        : 9.71599e+16       delta(WSSR)/WSSR   : 0
 delta(WSSR) : 0                 limit for stopping : 1e-05
 lambda	  : 3.04158e+07

initial set of free parameter values

a               = 1
b               = 1
c               = 1

After 11 iterations the fit converged.
final sum of squares of residuals : 520.946
rel. change during last iteration : -5.48154e-12

degrees of freedom    (FIT_NDF)                        : 32
rms of residuals      (FIT_STDFIT) = sqrt(WSSR/ndf)    : 4.03479
variance of residuals (reduced chisquare) = WSSR/ndf   : 16.2796

Final set of parameters            Asymptotic Standard Error
=======================            ==========================

a               = -6.52109e-07     +/- 8.122e-08    (12.45%)
b               = 0.0122232        +/- 0.0009264    (7.579%)
c               = -4.12805         +/- 2.235        (54.14%)


correlation matrix of the fit parameters:

               a      b      c      
a               1.000 
b              -0.970  1.000 
c               0.776 -0.886  1.000 


*******************************************************************************
Sun Oct 16 18:49:14 2016


FIT:    data read from name.".txt"
        format = z
        #datapoints = 35
        residuals are weighted equally (unit weight)

function used for fitting: f(x)
fitted parameters initialized with current variable values



 Iteration 0
 WSSR        : 9.71599e+16       delta(WSSR)/WSSR   : 0
 delta(WSSR) : 0                 limit for stopping : 1e-05
 lambda	  : 3.04158e+07

initial set of free parameter values

a               = 1
b               = 1
c               = 1

After 11 iterations the fit converged.
final sum of squares of residuals : 520.946
rel. change during last iteration : -5.48154e-12

degrees of freedom    (FIT_NDF)                        : 32
rms of residuals      (FIT_STDFIT) = sqrt(WSSR/ndf)    : 4.03479
variance of residuals (reduced chisquare) = WSSR/ndf   : 16.2796

Final set of parameters            Asymptotic Standard Error
=======================            ==========================

a               = -6.52109e-07     +/- 8.122e-08    (12.45%)
b               = 0.0122232        +/- 0.0009264    (7.579%)
c               = -4.12805         +/- 2.235        (54.14%)


correlation matrix of the fit parameters:

               a      b      c      
a               1.000 
b              -0.970  1.000 
c               0.776 -0.886  1.000 


*******************************************************************************
Sun Oct 16 18:49:21 2016


FIT:    data read from name.".txt"
        format = z
        #datapoints = 35
        residuals are weighted equally (unit weight)

function used for fitting: f(x)
fitted parameters initialized with current variable values



 Iteration 0
 WSSR        : 9.71596e+16       delta(WSSR)/WSSR   : 0
 delta(WSSR) : 0                 limit for stopping : 1e-05
 lambda	  : 3.04158e+07

initial set of free parameter values

a               = 1
b               = 1
c               = 1

After 11 iterations the fit converged.
final sum of squares of residuals : 3416.48
rel. change during last iteration : -2.19209e-12

degrees of freedom    (FIT_NDF)                        : 32
rms of residuals      (FIT_STDFIT) = sqrt(WSSR/ndf)    : 10.3327
variance of residuals (reduced chisquare) = WSSR/ndf   : 106.765

Final set of parameters            Asymptotic Standard Error
=======================            ==========================

a               = -2.09144e-06     +/- 2.08e-07     (9.945%)
b               = 0.0356125        +/- 0.002372     (6.662%)
c               = 9.30558          +/- 5.724        (61.51%)


correlation matrix of the fit parameters:

               a      b      c      
a               1.000 
b              -0.970  1.000 
c               0.776 -0.886  1.000 


*******************************************************************************
Sun Oct 16 18:51:47 2016


FIT:    data read from name.".txt"
        format = z
        #datapoints = 35
        residuals are weighted equally (unit weight)

function used for fitting: f(x)
fitted parameters initialized with current variable values



 Iteration 0
 WSSR        : 9.71596e+16       delta(WSSR)/WSSR   : 0
 delta(WSSR) : 0                 limit for stopping : 1e-05
 lambda	  : 3.04158e+07

initial set of free parameter values

a               = 1
b               = 1
c               = 1

After 11 iterations the fit converged.
final sum of squares of residuals : 3416.48
rel. change during last iteration : -2.19209e-12

degrees of freedom    (FIT_NDF)                        : 32
rms of residuals      (FIT_STDFIT) = sqrt(WSSR/ndf)    : 10.3327
variance of residuals (reduced chisquare) = WSSR/ndf   : 106.765

Final set of parameters            Asymptotic Standard Error
=======================            ==========================

a               = -2.09144e-06     +/- 2.08e-07     (9.945%)
b               = 0.0356125        +/- 0.002372     (6.662%)
c               = 9.30558          +/- 5.724        (61.51%)


correlation matrix of the fit parameters:

               a      b      c      
a               1.000 
b              -0.970  1.000 
c               0.776 -0.886  1.000 
