

*******************************************************************************
Sun Oct 16 00:42:49 2016


FIT:    data read from "iter_z.txt"
        format = z
        #datapoints = 18
        residuals are weighted equally (unit weight)

function used for fitting: f(x)


*******************************************************************************
Sun Oct 16 00:43:16 2016


FIT:    data read from "iter_z.txt"
        format = z
        #datapoints = 18
        residuals are weighted equally (unit weight)

function used for fitting: f(x)
fitted parameters initialized with current variable values



 Iteration 0
 WSSR        : 9.56419e+06       delta(WSSR)/WSSR   : 0
 delta(WSSR) : 0                 limit for stopping : 1e-05
 lambda	  : 1.18241

initial set of free parameter values

a               = 1
b               = 1
c               = 1

After 5 iterations the fit converged.
final sum of squares of residuals : 42307.7
rel. change during last iteration : -1.90014e-08

degrees of freedom    (FIT_NDF)                        : 15
rms of residuals      (FIT_STDFIT) = sqrt(WSSR/ndf)    : 53.1085
variance of residuals (reduced chisquare) = WSSR/ndf   : 2820.51

Final set of parameters            Asymptotic Standard Error
=======================            ==========================

a               = 3695.94          +/- 503.8        (13.63%)
b               = -6856.02         +/- 1184         (17.27%)
c               = 3579.79          +/- 684.1        (19.11%)


correlation matrix of the fit parameters:

               a      b      c      
a               1.000 
b              -0.998  1.000 
c               0.992 -0.998  1.000 


*******************************************************************************
Sun Oct 16 00:43:42 2016


FIT:    data read from "iter_z.txt"
        format = z
        #datapoints = 18
        residuals are weighted equally (unit weight)

function used for fitting: f(x)
fitted parameters initialized with current variable values



 Iteration 0
 WSSR        : 9.56419e+06       delta(WSSR)/WSSR   : 0
 delta(WSSR) : 0                 limit for stopping : 1e-05
 lambda	  : 1.18241

initial set of free parameter values

a               = 1
b               = 1
c               = 1

After 5 iterations the fit converged.
final sum of squares of residuals : 42307.7
rel. change during last iteration : -1.90014e-08

degrees of freedom    (FIT_NDF)                        : 15
rms of residuals      (FIT_STDFIT) = sqrt(WSSR/ndf)    : 53.1085
variance of residuals (reduced chisquare) = WSSR/ndf   : 2820.51

Final set of parameters            Asymptotic Standard Error
=======================            ==========================

a               = 3695.94          +/- 503.8        (13.63%)
b               = -6856.02         +/- 1184         (17.27%)
c               = 3579.79          +/- 684.1        (19.11%)


correlation matrix of the fit parameters:

               a      b      c      
a               1.000 
b              -0.998  1.000 
c               0.992 -0.998  1.000 


*******************************************************************************
Sun Oct 16 00:45:13 2016


FIT:    data read from "iter_z.txt"
        format = z
        #datapoints = 18
        residuals are weighted equally (unit weight)

function used for fitting: f(x)
fitted parameters initialized with current variable values



 Iteration 0
 WSSR        : 9.56419e+06       delta(WSSR)/WSSR   : 0
 delta(WSSR) : 0                 limit for stopping : 1e-05
 lambda	  : 1.18241

initial set of free parameter values

a               = 1
b               = 1
c               = 1

After 5 iterations the fit converged.
final sum of squares of residuals : 42307.7
rel. change during last iteration : -1.90014e-08

degrees of freedom    (FIT_NDF)                        : 15
rms of residuals      (FIT_STDFIT) = sqrt(WSSR/ndf)    : 53.1085
variance of residuals (reduced chisquare) = WSSR/ndf   : 2820.51

Final set of parameters            Asymptotic Standard Error
=======================            ==========================

a               = 3695.94          +/- 503.8        (13.63%)
b               = -6856.02         +/- 1184         (17.27%)
c               = 3579.79          +/- 684.1        (19.11%)


correlation matrix of the fit parameters:

               a      b      c      
a               1.000 
b              -0.998  1.000 
c               0.992 -0.998  1.000 


*******************************************************************************
Sun Oct 16 00:45:50 2016


FIT:    data read from "iter_z.txt"
        format = z
        #datapoints = 18
        residuals are weighted equally (unit weight)

function used for fitting: f(x)
fitted parameters initialized with current variable values



 Iteration 0
 WSSR        : 9.56419e+06       delta(WSSR)/WSSR   : 0
 delta(WSSR) : 0                 limit for stopping : 1e-05
 lambda	  : 1.18241

initial set of free parameter values

a               = 1
b               = 1
c               = 1

After 5 iterations the fit converged.
final sum of squares of residuals : 42307.7
rel. change during last iteration : -1.90014e-08

degrees of freedom    (FIT_NDF)                        : 15
rms of residuals      (FIT_STDFIT) = sqrt(WSSR/ndf)    : 53.1085
variance of residuals (reduced chisquare) = WSSR/ndf   : 2820.51

Final set of parameters            Asymptotic Standard Error
=======================            ==========================

a               = 3695.94          +/- 503.8        (13.63%)
b               = -6856.02         +/- 1184         (17.27%)
c               = 3579.79          +/- 684.1        (19.11%)


correlation matrix of the fit parameters:

               a      b      c      
a               1.000 
b              -0.998  1.000 
c               0.992 -0.998  1.000 


*******************************************************************************
Sun Oct 16 00:46:19 2016


FIT:    data read from "iter_z.txt"
        format = z
        #datapoints = 18
        residuals are weighted equally (unit weight)

function used for fitting: f(x)
fitted parameters initialized with current variable values



 Iteration 0
 WSSR        : 9.56419e+06       delta(WSSR)/WSSR   : 0
 delta(WSSR) : 0                 limit for stopping : 1e-05
 lambda	  : 1.18241

initial set of free parameter values

a               = 1
b               = 1
c               = 1

After 5 iterations the fit converged.
final sum of squares of residuals : 42307.7
rel. change during last iteration : -1.90014e-08

degrees of freedom    (FIT_NDF)                        : 15
rms of residuals      (FIT_STDFIT) = sqrt(WSSR/ndf)    : 53.1085
variance of residuals (reduced chisquare) = WSSR/ndf   : 2820.51

Final set of parameters            Asymptotic Standard Error
=======================            ==========================

a               = 3695.94          +/- 503.8        (13.63%)
b               = -6856.02         +/- 1184         (17.27%)
c               = 3579.79          +/- 684.1        (19.11%)


correlation matrix of the fit parameters:

               a      b      c      
a               1.000 
b              -0.998  1.000 
c               0.992 -0.998  1.000 


*******************************************************************************
Sun Oct 16 00:48:10 2016


FIT:    data read from "iter_z.txt"
        format = z
        #datapoints = 18
        residuals are weighted equally (unit weight)

function used for fitting: f(x)
fitted parameters initialized with current variable values



 Iteration 0
 WSSR        : 9.56419e+06       delta(WSSR)/WSSR   : 0
 delta(WSSR) : 0                 limit for stopping : 1e-05
 lambda	  : 1.18241

initial set of free parameter values

a               = 1
b               = 1
c               = 1

After 5 iterations the fit converged.
final sum of squares of residuals : 42307.7
rel. change during last iteration : -1.90014e-08

degrees of freedom    (FIT_NDF)                        : 15
rms of residuals      (FIT_STDFIT) = sqrt(WSSR/ndf)    : 53.1085
variance of residuals (reduced chisquare) = WSSR/ndf   : 2820.51

Final set of parameters            Asymptotic Standard Error
=======================            ==========================

a               = 3695.94          +/- 503.8        (13.63%)
b               = -6856.02         +/- 1184         (17.27%)
c               = 3579.79          +/- 684.1        (19.11%)


correlation matrix of the fit parameters:

               a      b      c      
a               1.000 
b              -0.998  1.000 
c               0.992 -0.998  1.000 


*******************************************************************************
Sun Oct 16 18:59:55 2016


FIT:    data read from "iter_z.txt"
        format = z
        #datapoints = 18
        residuals are weighted equally (unit weight)

function used for fitting: f(x)
fitted parameters initialized with current variable values



 Iteration 0
 WSSR        : 9.56419e+06       delta(WSSR)/WSSR   : 0
 delta(WSSR) : 0                 limit for stopping : 1e-05
 lambda	  : 1.18241

initial set of free parameter values

a               = 1
b               = 1
c               = 1

After 5 iterations the fit converged.
final sum of squares of residuals : 42307.7
rel. change during last iteration : -1.90014e-08

degrees of freedom    (FIT_NDF)                        : 15
rms of residuals      (FIT_STDFIT) = sqrt(WSSR/ndf)    : 53.1085
variance of residuals (reduced chisquare) = WSSR/ndf   : 2820.51

Final set of parameters            Asymptotic Standard Error
=======================            ==========================

a               = 3695.94          +/- 503.8        (13.63%)
b               = -6856.02         +/- 1184         (17.27%)
c               = 3579.79          +/- 684.1        (19.11%)


correlation matrix of the fit parameters:

               a      b      c      
a               1.000 
b              -0.998  1.000 
c               0.992 -0.998  1.000 
