

*******************************************************************************
Sun Oct 16 11:46:13 2016


FIT:    data read from "normalize.csv"
        format = z
        x range restricted to [0.00000 : 70.0000]
        #datapoints = 71
        residuals are weighted equally (unit weight)

function used for fitting: f(x)
fitted parameters initialized with current variable values

BREAK:          Undefined value during function evaluation



*******************************************************************************
Sun Oct 16 11:47:26 2016


FIT:    data read from "normalize.csv"
        format = z
        x range restricted to [0.00000 : 70.0000]
        #datapoints = 71
        residuals are weighted equally (unit weight)

function used for fitting: f(x)
fitted parameters initialized with current variable values

BREAK:          Undefined value during function evaluation



*******************************************************************************
Sun Oct 16 11:47:46 2016


FIT:    data read from "normalize.csv"
        format = z
        x range restricted to [0.00000 : 70.0000]
        #datapoints = 71
        residuals are weighted equally (unit weight)

function used for fitting: f(x)
fitted parameters initialized with current variable values



*******************************************************************************
Sun Oct 16 11:47:53 2016


FIT:    data read from "normalize.csv"
        format = z
        x range restricted to [0.00000 : 70.0000]
        #datapoints = 71
        residuals are weighted equally (unit weight)

function used for fitting: f(x)
fitted parameters initialized with current variable values

BREAK:          Undefined value during function evaluation



*******************************************************************************
Sun Oct 16 11:49:30 2016


FIT:    data read from "normalize.csv"
        format = z
        x range restricted to [0.00000 : 70.0000]
        #datapoints = 71
        residuals are weighted equally (unit weight)

function used for fitting: f(x)
fitted parameters initialized with current variable values

BREAK:          Undefined value during function evaluation



*******************************************************************************
Sun Oct 16 11:50:01 2016


FIT:    data read from "normalize.csv"
        format = z
        x range restricted to [0.00000 : 70.0000]
        #datapoints = 71
        residuals are weighted equally (unit weight)

function used for fitting: f(x)
fitted parameters initialized with current variable values

BREAK:          Undefined value during function evaluation



*******************************************************************************
Sun Oct 16 11:50:09 2016


FIT:    data read from 'normalize.csv'
        format = z
        x range restricted to [0.00000 : 70.0000]
        #datapoints = 71
        residuals are weighted equally (unit weight)

function used for fitting: f(x)
fitted parameters initialized with current variable values

BREAK:          Undefined value during function evaluation



*******************************************************************************
Sun Oct 16 11:51:22 2016


FIT:    data read from 'normalize.txt'
        format = z
        x range restricted to [0.00000 : 70.0000]
        #datapoints = 71
        residuals are weighted equally (unit weight)

function used for fitting: f(x)
fitted parameters initialized with current variable values

BREAK:          Undefined value during function evaluation



*******************************************************************************
Sun Oct 16 11:51:34 2016


FIT:    data read from 'normalize.txt'
        format = z
        x range restricted to [0.00000 : 70.0000]
        #datapoints = 71
        residuals are weighted equally (unit weight)

function used for fitting: f(x)
fitted parameters initialized with current variable values

BREAK:          Undefined value during function evaluation



*******************************************************************************
Sun Oct 16 11:52:44 2016


FIT:    data read from 'normalize.txt'
        format = z
        x range restricted to [0.00000 : 70.0000]
        #datapoints = 71
        residuals are weighted equally (unit weight)

function used for fitting: f(x)
fitted parameters initialized with current variable values

BREAK:          Undefined value during function evaluation



*******************************************************************************
Sun Oct 16 11:53:47 2016


FIT:    data read from 'normalize.txt'
        format = z
        x range restricted to [0.00000 : 70.0000]
        #datapoints = 71
        residuals are weighted equally (unit weight)

function used for fitting: f(x)
fitted parameters initialized with current variable values

BREAK:          Undefined value during function evaluation



*******************************************************************************
Sun Oct 16 11:54:47 2016


FIT:    data read from 'normalize.txt'
        format = z
        #datapoints = 132
        residuals are weighted equally (unit weight)

function used for fitting: f(x)
fitted parameters initialized with current variable values

BREAK:          Undefined value during function evaluation



*******************************************************************************
Sun Oct 16 11:55:45 2016


FIT:    data read from 'normalize.txt'
        format = z
        #datapoints = 132
        residuals are weighted equally (unit weight)

function used for fitting: f(x)
fitted parameters initialized with current variable values

BREAK:          Undefined value during function evaluation



*******************************************************************************
Sun Oct 16 11:56:37 2016


FIT:    data read from 'normalize.txt'
        format = z
        #datapoints = 132
        residuals are weighted equally (unit weight)

function used for fitting: f(x)
fitted parameters initialized with current variable values

BREAK:          Undefined value during function evaluation



*******************************************************************************
Sun Oct 16 11:56:52 2016


FIT:    data read from 'normalize.txt'
        format = z
        #datapoints = 132
        residuals are weighted equally (unit weight)

function used for fitting: f(x)
fitted parameters initialized with current variable values

BREAK:          Undefined value during function evaluation



*******************************************************************************
Sun Oct 16 11:57:08 2016


FIT:    data read from 'normalize.txt'
        format = z
        #datapoints = 132
        residuals are weighted equally (unit weight)

function used for fitting: f(x)


*******************************************************************************
Sun Oct 16 11:57:17 2016


FIT:    data read from 'normalize.txt'
        format = z
        #datapoints = 132
        residuals are weighted equally (unit weight)

function used for fitting: f(x)
fitted parameters initialized with current variable values

BREAK:          Undefined value during function evaluation



*******************************************************************************
Sun Oct 16 12:00:19 2016


FIT:    data read from 'normalize.txt'
        format = z
        #datapoints = 132
        residuals are weighted equally (unit weight)

function used for fitting: f(x)
fitted parameters initialized with current variable values



 Iteration 0
 WSSR        : 2.24096e+07       delta(WSSR)/WSSR   : 0
 delta(WSSR) : 0                 limit for stopping : 1e-05
 lambda	  : 0.711479

initial set of free parameter values

a               = 1
b               = 1

After 3 iterations the fit converged.
final sum of squares of residuals : 1.68356e+06
rel. change during last iteration : -7.42756e-06

degrees of freedom    (FIT_NDF)                        : 130
rms of residuals      (FIT_STDFIT) = sqrt(WSSR/ndf)    : 113.8
variance of residuals (reduced chisquare) = WSSR/ndf   : 12950.4

Final set of parameters            Asymptotic Standard Error
=======================            ==========================

a               = 3155.71          +/- 95.8         (3.036%)
b               = 95.3977          +/- 10.67        (11.18%)


correlation matrix of the fit parameters:

               a      b      
a               1.000 
b              -0.372  1.000 


*******************************************************************************
Sun Oct 16 12:01:25 2016


FIT:    data read from 'normalize.txt'
        format = z
        #datapoints = 132
        residuals are weighted equally (unit weight)

function used for fitting: f(x)
fitted parameters initialized with current variable values



 Iteration 0
 WSSR        : 2.14347e+07       delta(WSSR)/WSSR   : 0
 delta(WSSR) : 0                 limit for stopping : 1e-05
 lambda	  : 53.5872

initial set of free parameter values

a               = 1
b               = 1

After 5 iterations the fit converged.
final sum of squares of residuals : 9.72534e+06
rel. change during last iteration : -1.35025e-13

degrees of freedom    (FIT_NDF)                        : 130
rms of residuals      (FIT_STDFIT) = sqrt(WSSR/ndf)    : 273.515
variance of residuals (reduced chisquare) = WSSR/ndf   : 74810.3

Final set of parameters            Asymptotic Standard Error
=======================            ==========================

a               = -5.60079         +/- 0.6248       (11.16%)
b               = 592.872          +/- 47.34        (7.985%)


correlation matrix of the fit parameters:

               a      b      
a               1.000 
b              -0.864  1.000 


*******************************************************************************
Sun Oct 16 12:01:59 2016


FIT:    data read from 'normalize.txt'
        format = z
        #datapoints = 132
        residuals are weighted equally (unit weight)

function used for fitting: f(x)
fitted parameters initialized with current variable values



 Iteration 0
 WSSR        : 2.14347e+07       delta(WSSR)/WSSR   : 0
 delta(WSSR) : 0                 limit for stopping : 1e-05
 lambda	  : 53.5872

initial set of free parameter values

a               = 1
b               = 1

After 5 iterations the fit converged.
final sum of squares of residuals : 9.72534e+06
rel. change during last iteration : -1.35025e-13

degrees of freedom    (FIT_NDF)                        : 130
rms of residuals      (FIT_STDFIT) = sqrt(WSSR/ndf)    : 273.515
variance of residuals (reduced chisquare) = WSSR/ndf   : 74810.3

Final set of parameters            Asymptotic Standard Error
=======================            ==========================

a               = -5.60079         +/- 0.6248       (11.16%)
b               = 592.872          +/- 47.34        (7.985%)


correlation matrix of the fit parameters:

               a      b      
a               1.000 
b              -0.864  1.000 


*******************************************************************************
Sun Oct 16 12:02:35 2016


FIT:    data read from 'normalize.txt'
        format = z
        #datapoints = 132
        residuals are weighted equally (unit weight)

function used for fitting: f(x)
fitted parameters initialized with current variable values



 Iteration 0
 WSSR        : 7.91595e+09       delta(WSSR)/WSSR   : 0
 delta(WSSR) : 0                 limit for stopping : 1e-05
 lambda	  : 4456.48

initial set of free parameter values

a               = 1
b               = 1
c               = 1

After 7 iterations the fit converged.
final sum of squares of residuals : 5.81403e+06
rel. change during last iteration : -2.25541e-12

degrees of freedom    (FIT_NDF)                        : 129
rms of residuals      (FIT_STDFIT) = sqrt(WSSR/ndf)    : 212.297
variance of residuals (reduced chisquare) = WSSR/ndf   : 45070

Final set of parameters            Asymptotic Standard Error
=======================            ==========================

a               = 0.132564         +/- 0.01423      (10.73%)
b               = -22.9666         +/- 1.926        (8.387%)
c               = 969.132          +/- 54.6         (5.634%)


correlation matrix of the fit parameters:

               a      b      c      
a               1.000 
b              -0.968  1.000 
c               0.740 -0.862  1.000 


*******************************************************************************
Sun Oct 16 12:03:40 2016


FIT:    data read from 'normalize.txt'
        format = z
        #datapoints = 132
        residuals are weighted equally (unit weight)

function used for fitting: f(x)
fitted parameters initialized with current variable values



 Iteration 0
 WSSR        : 9.99999e+19       delta(WSSR)/WSSR   : 0
 delta(WSSR) : 0                 limit for stopping : 1e-05
 lambda	  : 6.15457e+08

initial set of free parameter values

a               = 1
b               = 1

After 4 iterations the fit converged.
final sum of squares of residuals : 1.55904e+07
rel. change during last iteration : -2.48541e-10

degrees of freedom    (FIT_NDF)                        : 130
rms of residuals      (FIT_STDFIT) = sqrt(WSSR/ndf)    : 346.303
variance of residuals (reduced chisquare) = WSSR/ndf   : 119926

Final set of parameters            Asymptotic Standard Error
=======================            ==========================

a               = 2.61354e-07      +/- 3.476e-08    (13.3%)
b               = 1                +/- 30.26        (3026%)


correlation matrix of the fit parameters:

               a      b      
a               1.000 
b              -0.087  1.000 


*******************************************************************************
Sun Oct 16 12:04:36 2016


FIT:    data read from 'normalize.txt'
        format = z
        #datapoints = 132
        residuals are weighted equally (unit weight)

function used for fitting: f(x)
fitted parameters initialized with current variable values



 Iteration 0
 WSSR        : 2.24119e+07       delta(WSSR)/WSSR   : 0
 delta(WSSR) : 0                 limit for stopping : 1e-05
 lambda	  : 0.708812

initial set of free parameter values

a               = 1
b               = 1

After 3 iterations the fit converged.
final sum of squares of residuals : 8.66003e+06
rel. change during last iteration : -8.17958e-07

degrees of freedom    (FIT_NDF)                        : 130
rms of residuals      (FIT_STDFIT) = sqrt(WSSR/ndf)    : 258.1
variance of residuals (reduced chisquare) = WSSR/ndf   : 66615.6

Final set of parameters            Asymptotic Standard Error
=======================            ==========================

a               = 2405.49          +/- 217.4        (9.036%)
b               = 107.597          +/- 24.3         (22.58%)


correlation matrix of the fit parameters:

               a      b      
a               1.000 
b              -0.373  1.000 


*******************************************************************************
Sun Oct 16 12:04:57 2016


FIT:    data read from 'normalize.txt'
        format = z
        #datapoints = 132
        residuals are weighted equally (unit weight)

function used for fitting: f(x)
fitted parameters initialized with current variable values



*******************************************************************************
Sun Oct 16 12:06:06 2016


FIT:    data read from 'normalize.txt'
        format = z
        #datapoints = 132
        residuals are weighted equally (unit weight)

function used for fitting: f(x)
fitted parameters initialized with current variable values



 Iteration 0
 WSSR        : 2.24027e+07       delta(WSSR)/WSSR   : 0
 delta(WSSR) : 0                 limit for stopping : 1e-05
 lambda	  : 0.583268

initial set of free parameter values

a               = 1
b               = 1
c               = 1

After 4 iterations the fit converged.
final sum of squares of residuals : 141679
rel. change during last iteration : -2.96587e-09

degrees of freedom    (FIT_NDF)                        : 129
rms of residuals      (FIT_STDFIT) = sqrt(WSSR/ndf)    : 33.1404
variance of residuals (reduced chisquare) = WSSR/ndf   : 1098.28

Final set of parameters            Asymptotic Standard Error
=======================            ==========================

a               = -3202.14         +/- 85.46        (2.669%)
b               = 5729.38          +/- 74.14        (1.294%)
c               = 28.588           +/- 3.582        (12.53%)


correlation matrix of the fit parameters:

               a      b      c      
a               1.000 
b              -0.927  1.000 
c               0.498 -0.582  1.000 


*******************************************************************************
Sun Oct 16 15:22:07 2016


FIT:    data read from 'normalize.txt'
        format = z
        #datapoints = 132
        residuals are weighted equally (unit weight)

function used for fitting: f(x)
fitted parameters initialized with current variable values



 Iteration 0
 WSSR        : 2.24027e+07       delta(WSSR)/WSSR   : 0
 delta(WSSR) : 0                 limit for stopping : 1e-05
 lambda	  : 0.583268

initial set of free parameter values

a               = 1
b               = 1
c               = 1

After 4 iterations the fit converged.
final sum of squares of residuals : 141679
rel. change during last iteration : -2.96587e-09

degrees of freedom    (FIT_NDF)                        : 129
rms of residuals      (FIT_STDFIT) = sqrt(WSSR/ndf)    : 33.1404
variance of residuals (reduced chisquare) = WSSR/ndf   : 1098.28

Final set of parameters            Asymptotic Standard Error
=======================            ==========================

a               = -3202.14         +/- 85.46        (2.669%)
b               = 5729.38          +/- 74.14        (1.294%)
c               = 28.588           +/- 3.582        (12.53%)


correlation matrix of the fit parameters:

               a      b      c      
a               1.000 
b              -0.927  1.000 
c               0.498 -0.582  1.000 


*******************************************************************************
Sun Oct 16 15:22:23 2016


FIT:    data read from 'normalize.txt'
        format = z
        #datapoints = 132
        residuals are weighted equally (unit weight)

function used for fitting: f(x)
fitted parameters initialized with current variable values



 Iteration 0
 WSSR        : 2.24027e+07       delta(WSSR)/WSSR   : 0
 delta(WSSR) : 0                 limit for stopping : 1e-05
 lambda	  : 0.583268

initial set of free parameter values

a               = 1
b               = 1
c               = 1

After 4 iterations the fit converged.
final sum of squares of residuals : 141679
rel. change during last iteration : -2.96587e-09

degrees of freedom    (FIT_NDF)                        : 129
rms of residuals      (FIT_STDFIT) = sqrt(WSSR/ndf)    : 33.1404
variance of residuals (reduced chisquare) = WSSR/ndf   : 1098.28

Final set of parameters            Asymptotic Standard Error
=======================            ==========================

a               = -3202.14         +/- 85.46        (2.669%)
b               = 5729.38          +/- 74.14        (1.294%)
c               = 28.588           +/- 3.582        (12.53%)


correlation matrix of the fit parameters:

               a      b      c      
a               1.000 
b              -0.927  1.000 
c               0.498 -0.582  1.000 


*******************************************************************************
Sun Oct 16 15:22:40 2016


FIT:    data read from 'normalize.txt'
        format = z
        #datapoints = 132
        residuals are weighted equally (unit weight)

function used for fitting: f(x)
fitted parameters initialized with current variable values



 Iteration 0
 WSSR        : 2.24027e+07       delta(WSSR)/WSSR   : 0
 delta(WSSR) : 0                 limit for stopping : 1e-05
 lambda	  : 0.583268

initial set of free parameter values

a               = 1
b               = 1
c               = 1

After 4 iterations the fit converged.
final sum of squares of residuals : 141679
rel. change during last iteration : -2.96587e-09

degrees of freedom    (FIT_NDF)                        : 129
rms of residuals      (FIT_STDFIT) = sqrt(WSSR/ndf)    : 33.1404
variance of residuals (reduced chisquare) = WSSR/ndf   : 1098.28

Final set of parameters            Asymptotic Standard Error
=======================            ==========================

a               = -3202.14         +/- 85.46        (2.669%)
b               = 5729.38          +/- 74.14        (1.294%)
c               = 28.588           +/- 3.582        (12.53%)


correlation matrix of the fit parameters:

               a      b      c      
a               1.000 
b              -0.927  1.000 
c               0.498 -0.582  1.000 


*******************************************************************************
Sun Oct 16 15:23:16 2016


FIT:    data read from 'normalize.txt'
        format = z
        #datapoints = 132
        residuals are weighted equally (unit weight)

function used for fitting: f(x)
fitted parameters initialized with current variable values



 Iteration 0
 WSSR        : 2.24027e+07       delta(WSSR)/WSSR   : 0
 delta(WSSR) : 0                 limit for stopping : 1e-05
 lambda	  : 0.583268

initial set of free parameter values

a               = 1
b               = 1
c               = 1

After 4 iterations the fit converged.
final sum of squares of residuals : 141679
rel. change during last iteration : -2.96587e-09

degrees of freedom    (FIT_NDF)                        : 129
rms of residuals      (FIT_STDFIT) = sqrt(WSSR/ndf)    : 33.1404
variance of residuals (reduced chisquare) = WSSR/ndf   : 1098.28

Final set of parameters            Asymptotic Standard Error
=======================            ==========================

a               = -3202.14         +/- 85.46        (2.669%)
b               = 5729.38          +/- 74.14        (1.294%)
c               = 28.588           +/- 3.582        (12.53%)


correlation matrix of the fit parameters:

               a      b      c      
a               1.000 
b              -0.927  1.000 
c               0.498 -0.582  1.000 


*******************************************************************************
Sun Oct 16 15:23:39 2016


FIT:    data read from 'normalize.txt'
        format = z
        #datapoints = 132
        residuals are weighted equally (unit weight)

function used for fitting: f(x)
fitted parameters initialized with current variable values



 Iteration 0
 WSSR        : 2.24027e+07       delta(WSSR)/WSSR   : 0
 delta(WSSR) : 0                 limit for stopping : 1e-05
 lambda	  : 0.583268

initial set of free parameter values

a               = 1
b               = 1
c               = 1

After 4 iterations the fit converged.
final sum of squares of residuals : 141679
rel. change during last iteration : -2.96587e-09

degrees of freedom    (FIT_NDF)                        : 129
rms of residuals      (FIT_STDFIT) = sqrt(WSSR/ndf)    : 33.1404
variance of residuals (reduced chisquare) = WSSR/ndf   : 1098.28

Final set of parameters            Asymptotic Standard Error
=======================            ==========================

a               = -3202.14         +/- 85.46        (2.669%)
b               = 5729.38          +/- 74.14        (1.294%)
c               = 28.588           +/- 3.582        (12.53%)


correlation matrix of the fit parameters:

               a      b      c      
a               1.000 
b              -0.927  1.000 
c               0.498 -0.582  1.000 


*******************************************************************************
Sun Oct 16 15:24:06 2016


FIT:    data read from 'normalize.txt'
        format = z
        #datapoints = 132
        residuals are weighted equally (unit weight)

function used for fitting: f(x)
fitted parameters initialized with current variable values



 Iteration 0
 WSSR        : 2.24027e+07       delta(WSSR)/WSSR   : 0
 delta(WSSR) : 0                 limit for stopping : 1e-05
 lambda	  : 0.583268

initial set of free parameter values

a               = 1
b               = 1
c               = 1

After 4 iterations the fit converged.
final sum of squares of residuals : 141679
rel. change during last iteration : -2.96587e-09

degrees of freedom    (FIT_NDF)                        : 129
rms of residuals      (FIT_STDFIT) = sqrt(WSSR/ndf)    : 33.1404
variance of residuals (reduced chisquare) = WSSR/ndf   : 1098.28

Final set of parameters            Asymptotic Standard Error
=======================            ==========================

a               = -3202.14         +/- 85.46        (2.669%)
b               = 5729.38          +/- 74.14        (1.294%)
c               = 28.588           +/- 3.582        (12.53%)


correlation matrix of the fit parameters:

               a      b      c      
a               1.000 
b              -0.927  1.000 
c               0.498 -0.582  1.000 


*******************************************************************************
Sun Oct 16 15:24:41 2016


FIT:    data read from 'normalize.txt'
        format = z
        #datapoints = 132
        residuals are weighted equally (unit weight)

function used for fitting: f(x)
fitted parameters initialized with current variable values



 Iteration 0
 WSSR        : 2.24027e+07       delta(WSSR)/WSSR   : 0
 delta(WSSR) : 0                 limit for stopping : 1e-05
 lambda	  : 0.583268

initial set of free parameter values

a               = 1
b               = 1
c               = 1

After 4 iterations the fit converged.
final sum of squares of residuals : 141679
rel. change during last iteration : -2.96587e-09

degrees of freedom    (FIT_NDF)                        : 129
rms of residuals      (FIT_STDFIT) = sqrt(WSSR/ndf)    : 33.1404
variance of residuals (reduced chisquare) = WSSR/ndf   : 1098.28

Final set of parameters            Asymptotic Standard Error
=======================            ==========================

a               = -3202.14         +/- 85.46        (2.669%)
b               = 5729.38          +/- 74.14        (1.294%)
c               = 28.588           +/- 3.582        (12.53%)


correlation matrix of the fit parameters:

               a      b      c      
a               1.000 
b              -0.927  1.000 
c               0.498 -0.582  1.000 


*******************************************************************************
Sun Oct 16 15:25:16 2016


FIT:    data read from 'normalize.txt'
        format = z
        #datapoints = 132
        residuals are weighted equally (unit weight)

function used for fitting: f(x)
fitted parameters initialized with current variable values



 Iteration 0
 WSSR        : 2.24027e+07       delta(WSSR)/WSSR   : 0
 delta(WSSR) : 0                 limit for stopping : 1e-05
 lambda	  : 0.583268

initial set of free parameter values

a               = 1
b               = 1
c               = 1

After 4 iterations the fit converged.
final sum of squares of residuals : 141679
rel. change during last iteration : -2.96587e-09

degrees of freedom    (FIT_NDF)                        : 129
rms of residuals      (FIT_STDFIT) = sqrt(WSSR/ndf)    : 33.1404
variance of residuals (reduced chisquare) = WSSR/ndf   : 1098.28

Final set of parameters            Asymptotic Standard Error
=======================            ==========================

a               = -3202.14         +/- 85.46        (2.669%)
b               = 5729.38          +/- 74.14        (1.294%)
c               = 28.588           +/- 3.582        (12.53%)


correlation matrix of the fit parameters:

               a      b      c      
a               1.000 
b              -0.927  1.000 
c               0.498 -0.582  1.000 


*******************************************************************************
Sun Oct 16 15:27:30 2016


FIT:    data read from 'normalize.txt'
        format = z
        #datapoints = 132
        residuals are weighted equally (unit weight)

function used for fitting: f(x)
fitted parameters initialized with current variable values



 Iteration 0
 WSSR        : 2.24027e+07       delta(WSSR)/WSSR   : 0
 delta(WSSR) : 0                 limit for stopping : 1e-05
 lambda	  : 0.583268

initial set of free parameter values

a               = 1
b               = 1
c               = 1

After 4 iterations the fit converged.
final sum of squares of residuals : 141679
rel. change during last iteration : -2.96587e-09

degrees of freedom    (FIT_NDF)                        : 129
rms of residuals      (FIT_STDFIT) = sqrt(WSSR/ndf)    : 33.1404
variance of residuals (reduced chisquare) = WSSR/ndf   : 1098.28

Final set of parameters            Asymptotic Standard Error
=======================            ==========================

a               = -3202.14         +/- 85.46        (2.669%)
b               = 5729.38          +/- 74.14        (1.294%)
c               = 28.588           +/- 3.582        (12.53%)


correlation matrix of the fit parameters:

               a      b      c      
a               1.000 
b              -0.927  1.000 
c               0.498 -0.582  1.000 


*******************************************************************************
Sun Oct 16 15:29:17 2016


FIT:    data read from 'normalize.txt'
        format = z
        #datapoints = 132
        residuals are weighted equally (unit weight)

function used for fitting: f(x)
fitted parameters initialized with current variable values



 Iteration 0
 WSSR        : 2.24027e+07       delta(WSSR)/WSSR   : 0
 delta(WSSR) : 0                 limit for stopping : 1e-05
 lambda	  : 0.583268

initial set of free parameter values

a               = 1
b               = 1
c               = 1

After 4 iterations the fit converged.
final sum of squares of residuals : 141679
rel. change during last iteration : -2.96587e-09

degrees of freedom    (FIT_NDF)                        : 129
rms of residuals      (FIT_STDFIT) = sqrt(WSSR/ndf)    : 33.1404
variance of residuals (reduced chisquare) = WSSR/ndf   : 1098.28

Final set of parameters            Asymptotic Standard Error
=======================            ==========================

a               = -3202.14         +/- 85.46        (2.669%)
b               = 5729.38          +/- 74.14        (1.294%)
c               = 28.588           +/- 3.582        (12.53%)


correlation matrix of the fit parameters:

               a      b      c      
a               1.000 
b              -0.927  1.000 
c               0.498 -0.582  1.000 


*******************************************************************************
Sun Oct 16 15:30:02 2016


FIT:    data read from 'normalize.txt'
        format = z
        #datapoints = 132
        residuals are weighted equally (unit weight)

function used for fitting: f(x)
fitted parameters initialized with current variable values



 Iteration 0
 WSSR        : 2.24027e+07       delta(WSSR)/WSSR   : 0
 delta(WSSR) : 0                 limit for stopping : 1e-05
 lambda	  : 0.583268

initial set of free parameter values

a               = 1
b               = 1
c               = 1

After 4 iterations the fit converged.
final sum of squares of residuals : 141679
rel. change during last iteration : -2.96587e-09

degrees of freedom    (FIT_NDF)                        : 129
rms of residuals      (FIT_STDFIT) = sqrt(WSSR/ndf)    : 33.1404
variance of residuals (reduced chisquare) = WSSR/ndf   : 1098.28

Final set of parameters            Asymptotic Standard Error
=======================            ==========================

a               = -3202.14         +/- 85.46        (2.669%)
b               = 5729.38          +/- 74.14        (1.294%)
c               = 28.588           +/- 3.582        (12.53%)


correlation matrix of the fit parameters:

               a      b      c      
a               1.000 
b              -0.927  1.000 
c               0.498 -0.582  1.000 


*******************************************************************************
Sun Oct 16 15:30:42 2016


FIT:    data read from 'normalize.txt'
        format = z
        #datapoints = 132
        residuals are weighted equally (unit weight)

function used for fitting: f(x)
fitted parameters initialized with current variable values



 Iteration 0
 WSSR        : 2.24027e+07       delta(WSSR)/WSSR   : 0
 delta(WSSR) : 0                 limit for stopping : 1e-05
 lambda	  : 0.583268

initial set of free parameter values

a               = 1
b               = 1
c               = 1

After 4 iterations the fit converged.
final sum of squares of residuals : 141679
rel. change during last iteration : -2.96587e-09

degrees of freedom    (FIT_NDF)                        : 129
rms of residuals      (FIT_STDFIT) = sqrt(WSSR/ndf)    : 33.1404
variance of residuals (reduced chisquare) = WSSR/ndf   : 1098.28

Final set of parameters            Asymptotic Standard Error
=======================            ==========================

a               = -3202.14         +/- 85.46        (2.669%)
b               = 5729.38          +/- 74.14        (1.294%)
c               = 28.588           +/- 3.582        (12.53%)


correlation matrix of the fit parameters:

               a      b      c      
a               1.000 
b              -0.927  1.000 
c               0.498 -0.582  1.000 


*******************************************************************************
Sun Oct 16 15:30:53 2016


FIT:    data read from 'normalize.txt'
        format = z
        #datapoints = 132
        residuals are weighted equally (unit weight)

function used for fitting: f(x)
fitted parameters initialized with current variable values



 Iteration 0
 WSSR        : 2.24027e+07       delta(WSSR)/WSSR   : 0
 delta(WSSR) : 0                 limit for stopping : 1e-05
 lambda	  : 0.583268

initial set of free parameter values

a               = 1
b               = 1
c               = 1

After 4 iterations the fit converged.
final sum of squares of residuals : 141679
rel. change during last iteration : -2.96587e-09

degrees of freedom    (FIT_NDF)                        : 129
rms of residuals      (FIT_STDFIT) = sqrt(WSSR/ndf)    : 33.1404
variance of residuals (reduced chisquare) = WSSR/ndf   : 1098.28

Final set of parameters            Asymptotic Standard Error
=======================            ==========================

a               = -3202.14         +/- 85.46        (2.669%)
b               = 5729.38          +/- 74.14        (1.294%)
c               = 28.588           +/- 3.582        (12.53%)


correlation matrix of the fit parameters:

               a      b      c      
a               1.000 
b              -0.927  1.000 
c               0.498 -0.582  1.000 


*******************************************************************************
Sun Oct 16 15:31:06 2016


FIT:    data read from 'normalize.txt'
        format = z
        #datapoints = 132
        residuals are weighted equally (unit weight)

function used for fitting: f(x)
fitted parameters initialized with current variable values



 Iteration 0
 WSSR        : 2.24027e+07       delta(WSSR)/WSSR   : 0
 delta(WSSR) : 0                 limit for stopping : 1e-05
 lambda	  : 0.583268

initial set of free parameter values

a               = 1
b               = 1
c               = 1

After 4 iterations the fit converged.
final sum of squares of residuals : 141679
rel. change during last iteration : -2.96587e-09

degrees of freedom    (FIT_NDF)                        : 129
rms of residuals      (FIT_STDFIT) = sqrt(WSSR/ndf)    : 33.1404
variance of residuals (reduced chisquare) = WSSR/ndf   : 1098.28

Final set of parameters            Asymptotic Standard Error
=======================            ==========================

a               = -3202.14         +/- 85.46        (2.669%)
b               = 5729.38          +/- 74.14        (1.294%)
c               = 28.588           +/- 3.582        (12.53%)


correlation matrix of the fit parameters:

               a      b      c      
a               1.000 
b              -0.927  1.000 
c               0.498 -0.582  1.000 


*******************************************************************************
Sun Oct 16 16:01:05 2016


FIT:    data read from 'normalize.txt' usin 2:1
        format = x:z
        #datapoints = 132
        residuals are weighted equally (unit weight)

function used for fitting: f(x)
fitted parameters initialized with current variable values



 Iteration 0
 WSSR        : 2.15195e+07       delta(WSSR)/WSSR   : 0
 delta(WSSR) : 0                 limit for stopping : 1e-05
 lambda	  : 238.263

initial set of free parameter values

a               = 1
b               = 1
c               = 1

After 9 iterations the fit converged.
final sum of squares of residuals : 6397.44
rel. change during last iteration : -6.64878e-09

degrees of freedom    (FIT_NDF)                        : 129
rms of residuals      (FIT_STDFIT) = sqrt(WSSR/ndf)    : 7.0422
variance of residuals (reduced chisquare) = WSSR/ndf   : 49.5926

Final set of parameters            Asymptotic Standard Error
=======================            ==========================

a               = 312980           +/- 6585         (2.104%)
b               = -0.0232303       +/- 0.002012     (8.66%)
c               = 33.9792          +/- 1.23         (3.619%)


correlation matrix of the fit parameters:

               a      b      c      
a               1.000 
b               0.470  1.000 
c              -0.803 -0.666  1.000 


*******************************************************************************
Sun Oct 16 16:01:50 2016


FIT:    data read from 'normalize.txt' usin 2:1
        format = x:z
        #datapoints = 132
        residuals are weighted equally (unit weight)

function used for fitting: f(x)
fitted parameters initialized with current variable values



 Iteration 0
 WSSR        : 740589            delta(WSSR)/WSSR   : 0
 delta(WSSR) : 0                 limit for stopping : 1e-05
 lambda	  : 0.577384

initial set of free parameter values

a               = 1
b               = 1
c               = 1

After 7 iterations the fit converged.
final sum of squares of residuals : 6.22311
rel. change during last iteration : -1.08786e-09

degrees of freedom    (FIT_NDF)                        : 129
rms of residuals      (FIT_STDFIT) = sqrt(WSSR/ndf)    : 0.219639
variance of residuals (reduced chisquare) = WSSR/ndf   : 0.0482411

Final set of parameters            Asymptotic Standard Error
=======================            ==========================

a               = -25046.2         +/- 742.4        (2.964%)
b               = 7586.71          +/- 14.61        (0.1926%)
c               = -3.03574         +/- 0.06031      (1.987%)


correlation matrix of the fit parameters:

               a      b      c      
a               1.000 
b              -0.970  1.000 
c               0.767 -0.880  1.000 


*******************************************************************************
Sun Oct 16 16:03:23 2016


FIT:    data read from 'normalize.txt' usin 2:1
        format = x:z
        #datapoints = 132
        residuals are weighted equally (unit weight)

function used for fitting: f(x)
fitted parameters initialized with current variable values



 Iteration 0
 WSSR        : 740589            delta(WSSR)/WSSR   : 0
 delta(WSSR) : 0                 limit for stopping : 1e-05
 lambda	  : 0.577384

initial set of free parameter values

a               = 1
b               = 1
c               = 1

After 7 iterations the fit converged.
final sum of squares of residuals : 6.22311
rel. change during last iteration : -1.08786e-09

degrees of freedom    (FIT_NDF)                        : 129
rms of residuals      (FIT_STDFIT) = sqrt(WSSR/ndf)    : 0.219639
variance of residuals (reduced chisquare) = WSSR/ndf   : 0.0482411

Final set of parameters            Asymptotic Standard Error
=======================            ==========================

a               = -25046.2         +/- 742.4        (2.964%)
b               = 7586.71          +/- 14.61        (0.1926%)
c               = -3.03574         +/- 0.06031      (1.987%)


correlation matrix of the fit parameters:

               a      b      c      
a               1.000 
b              -0.970  1.000 
c               0.767 -0.880  1.000 


*******************************************************************************
Sun Oct 16 16:04:31 2016


FIT:    data read from 'normalize.txt' usin 2:1
        format = x:z
        #datapoints = 132
        residuals are weighted equally (unit weight)

function used for fitting: f(x)
fitted parameters initialized with current variable values



 Iteration 0
 WSSR        : 740589            delta(WSSR)/WSSR   : 0
 delta(WSSR) : 0                 limit for stopping : 1e-05
 lambda	  : 0.577384

initial set of free parameter values

a               = 1
b               = 1
c               = 1

After 7 iterations the fit converged.
final sum of squares of residuals : 6.22311
rel. change during last iteration : -1.08786e-09

degrees of freedom    (FIT_NDF)                        : 129
rms of residuals      (FIT_STDFIT) = sqrt(WSSR/ndf)    : 0.219639
variance of residuals (reduced chisquare) = WSSR/ndf   : 0.0482411

Final set of parameters            Asymptotic Standard Error
=======================            ==========================

a               = -25046.2         +/- 742.4        (2.964%)
b               = 7586.71          +/- 14.61        (0.1926%)
c               = -3.03574         +/- 0.06031      (1.987%)


correlation matrix of the fit parameters:

               a      b      c      
a               1.000 
b              -0.970  1.000 
c               0.767 -0.880  1.000 
